[2026-04-22T11:25:27.477Z] [DEBUG] metrics debug — first message info keys: role, time, agent, model, id, sessionID {"partsCount":1,"firstPartType":"text","firstPartKeys":"type,text,id,sessionID,messageID"}
[2026-04-22T11:25:27.477Z] [DEBUG] metrics debug — last message role: user, tokens: undefined {"infoKeys":"role,time,agent,model,id,sessionID"}
[2026-04-22T11:25:27.479Z] [DEBUG] cached titles for 1 sessions 
[2026-04-22T11:25:35.106Z] [DEBUG] metrics debug — first message info keys: role, time, agent, model, summary, id, sessionID {"partsCount":1,"firstPartType":"text","firstPartKeys":"type,text,id,sessionID,messageID"}
[2026-04-22T11:25:35.106Z] [DEBUG] metrics debug — last message role: assistant, tokens: {"total":4356,"input":4161,"output":195,"reasoning":0,"cache":{"write":0,"read":0}} {"infoKeys":"parentID,role,mode,agent,path,cost,tokens,modelID,providerID,time,finish,id,sessionID"}
[2026-04-22T11:25:38.516Z] [DEBUG] metrics debug — first message info keys: role, time, agent, model, summary, id, sessionID {"partsCount":1,"firstPartType":"text","firstPartKeys":"type,text,id,sessionID,messageID"}
[2026-04-22T11:25:38.517Z] [DEBUG] metrics debug — last message role: assistant, tokens: {"total":617,"input":559,"output":58,"reasoning":0,"cache":{"write":0,"read":0}} {"infoKeys":"parentID,role,mode,agent,path,cost,tokens,modelID,providerID,time,finish,id,sessionID"}
[2026-04-22T11:25:46.230Z] [DEBUG] metrics debug — first message info keys: role, time, agent, model, summary, id, sessionID {"partsCount":1,"firstPartType":"text","firstPartKeys":"type,text,id,sessionID,messageID"}
[2026-04-22T11:25:46.230Z] [DEBUG] metrics debug — last message role: assistant, tokens: {"total":314,"input":119,"output":195,"reasoning":0,"cache":{"write":0,"read":0}} {"infoKeys":"parentID,role,mode,agent,path,cost,tokens,modelID,providerID,time,finish,id,sessionID"}
[2026-04-22T11:26:07.589Z] [DEBUG] metrics debug — first message info keys: role, time, agent, model, summary, id, sessionID {"partsCount":1,"firstPartType":"text","firstPartKeys":"type,text,id,sessionID,messageID"}
[2026-04-22T11:26:07.589Z] [DEBUG] metrics debug — last message role: assistant, tokens: {"total":1349,"input":613,"output":736,"reasoning":0,"cache":{"write":0,"read":0}} {"infoKeys":"parentID,role,mode,agent,path,cost,tokens,modelID,providerID,time,finish,id,sessionID"}
[2026-04-22T11:26:37.238Z] [DEBUG] metrics debug — first message info keys: role, time, agent, model, summary, id, sessionID {"partsCount":1,"firstPartType":"text","firstPartKeys":"type,text,id,sessionID,messageID"}
[2026-04-22T11:26:37.238Z] [DEBUG] metrics debug — last message role: assistant, tokens: {"total":2023,"input":900,"output":1123,"reasoning":0,"cache":{"write":0,"read":0}} {"infoKeys":"parentID,role,mode,agent,path,cost,tokens,modelID,providerID,time,finish,id,sessionID"}
[2026-04-22T11:26:56.953Z] [DEBUG] metrics debug — first message info keys: role, time, agent, model, summary, id, sessionID {"partsCount":1,"firstPartType":"text","firstPartKeys":"type,text,id,sessionID,messageID"}
[2026-04-22T11:26:56.954Z] [DEBUG] metrics debug — last message role: assistant, tokens: {"total":1965,"input":1276,"output":689,"reasoning":0,"cache":{"write":0,"read":0}} {"infoKeys":"parentID,role,mode,agent,path,cost,tokens,modelID,providerID,time,finish,id,sessionID"}
[2026-04-22T11:27:20.625Z] [DEBUG] metrics debug — first message info keys: role, time, agent, model, summary, id, sessionID {"partsCount":1,"firstPartType":"text","firstPartKeys":"type,text,id,sessionID,messageID"}
[2026-04-22T11:27:20.625Z] [DEBUG] metrics debug — last message role: assistant, tokens: {"total":1930,"input":1072,"output":858,"reasoning":0,"cache":{"write":0,"read":0}} {"infoKeys":"parentID,role,mode,agent,path,cost,tokens,modelID,providerID,time,finish,id,sessionID"}
[2026-04-22T11:27:39.351Z] [DEBUG] metrics debug — first message info keys: role, time, agent, model, summary, id, sessionID {"partsCount":1,"firstPartType":"text","firstPartKeys":"type,text,id,sessionID,messageID"}
[2026-04-22T11:27:39.352Z] [DEBUG] metrics debug — last message role: assistant, tokens: {"total":1753,"input":1161,"output":592,"reasoning":0,"cache":{"write":0,"read":0}} {"infoKeys":"parentID,role,mode,agent,path,cost,tokens,modelID,providerID,time,finish,id,sessionID"}
[2026-04-22T11:28:37.767Z] [DEBUG] metrics debug — first message info keys: role, time, agent, model, summary, id, sessionID {"partsCount":1,"firstPartType":"text","firstPartKeys":"type,text,id,sessionID,messageID"}
[2026-04-22T11:28:37.768Z] [DEBUG] metrics debug — last message role: assistant, tokens: {"total":3393,"input":1078,"output":2315,"reasoning":0,"cache":{"write":0,"read":0}} {"infoKeys":"parentID,role,mode,agent,path,cost,tokens,modelID,providerID,time,finish,id,sessionID"}
[2026-04-22T11:28:56.264Z] [DEBUG] metrics debug — first message info keys: role, time, agent, model, summary, id, sessionID {"partsCount":1,"firstPartType":"text","firstPartKeys":"type,text,id,sessionID,messageID"}
[2026-04-22T11:28:56.264Z] [DEBUG] metrics debug — last message role: assistant, tokens: {"total":3863,"input":3238,"output":625,"reasoning":0,"cache":{"write":0,"read":0}} {"infoKeys":"parentID,role,mode,agent,path,cost,tokens,modelID,providerID,time,finish,id,sessionID"}
[2026-04-22T11:29:01.081Z] [DEBUG] metrics debug — first message info keys: role, time, agent, model, summary, id, sessionID {"partsCount":1,"firstPartType":"text","firstPartKeys":"type,text,id,sessionID,messageID"}
[2026-04-22T11:29:01.081Z] [DEBUG] metrics debug — last message role: assistant, tokens: {"total":1852,"input":1784,"output":68,"reasoning":0,"cache":{"write":0,"read":0}} {"infoKeys":"parentID,role,mode,agent,path,cost,tokens,modelID,providerID,time,finish,id,sessionID"}
[2026-04-22T11:29:12.398Z] [DEBUG] metrics debug — first message info keys: role, time, agent, model, summary, id, sessionID {"partsCount":1,"firstPartType":"text","firstPartKeys":"type,text,id,sessionID,messageID"}
[2026-04-22T11:29:12.398Z] [DEBUG] metrics debug — last message role: assistant, tokens: {"total":1723,"input":1395,"output":328,"reasoning":0,"cache":{"write":0,"read":0}} {"infoKeys":"parentID,role,mode,agent,path,cost,tokens,modelID,providerID,time,finish,id,sessionID"}
[2026-04-22T11:29:21.910Z] [DEBUG] metrics debug — first message info keys: role, time, agent, model, summary, id, sessionID {"partsCount":1,"firstPartType":"text","firstPartKeys":"type,text,id,sessionID,messageID"}
[2026-04-22T11:29:21.910Z] [DEBUG] metrics debug — last message role: assistant, tokens: {"total":1809,"input":1523,"output":286,"reasoning":0,"cache":{"write":0,"read":0}} {"infoKeys":"parentID,role,mode,agent,path,cost,tokens,modelID,providerID,time,finish,id,sessionID"}
[2026-04-22T11:29:42.821Z] [DEBUG] metrics debug — first message info keys: role, time, agent, model, summary, id, sessionID {"partsCount":1,"firstPartType":"text","firstPartKeys":"type,text,id,sessionID,messageID"}
[2026-04-22T11:29:42.821Z] [DEBUG] metrics debug — last message role: assistant, tokens: {"total":2330,"input":1609,"output":721,"reasoning":0,"cache":{"write":0,"read":0}} {"infoKeys":"parentID,role,mode,agent,path,cost,tokens,modelID,providerID,time,finish,id,sessionID"}
[2026-04-22T11:30:00.813Z] [DEBUG] metrics debug — first message info keys: role, time, agent, model, summary, id, sessionID {"partsCount":1,"firstPartType":"text","firstPartKeys":"type,text,id,sessionID,messageID"}
[2026-04-22T11:30:00.813Z] [DEBUG] metrics debug — last message role: user, tokens: undefined {"infoKeys":"role,time,agent,model,id,sessionID"}
[2026-04-22T11:30:05.032Z] [DEBUG] metrics debug — first message info keys: role, time, agent, model, summary, id, sessionID {"partsCount":1,"firstPartType":"text","firstPartKeys":"type,text,id,sessionID,messageID"}
[2026-04-22T11:30:05.032Z] [DEBUG] metrics debug — last message role: assistant, tokens: {"total":2102,"input":2078,"output":24,"reasoning":0,"cache":{"write":0,"read":0}} {"infoKeys":"parentID,role,mode,agent,path,cost,tokens,modelID,providerID,time,finish,id,sessionID"}
[2026-04-22T11:30:09.129Z] [DEBUG] metrics debug — first message info keys: role, time, agent, model, summary, id, sessionID {"partsCount":1,"firstPartType":"text","firstPartKeys":"type,text,id,sessionID,messageID"}
[2026-04-22T11:30:09.129Z] [DEBUG] metrics debug — last message role: assistant, tokens: {"total":519,"input":472,"output":47,"reasoning":0,"cache":{"write":0,"read":0}} {"infoKeys":"parentID,role,mode,agent,path,cost,tokens,modelID,providerID,time,finish,id,sessionID"}
[2026-04-22T11:30:13.413Z] [DEBUG] metrics debug — first message info keys: role, time, agent, model, summary, id, sessionID {"partsCount":1,"firstPartType":"text","firstPartKeys":"type,text,id,sessionID,messageID"}
[2026-04-22T11:30:13.413Z] [DEBUG] metrics debug — last message role: assistant, tokens: {"total":314,"input":286,"output":28,"reasoning":0,"cache":{"write":0,"read":0}} {"infoKeys":"parentID,role,mode,agent,path,cost,tokens,modelID,providerID,time,finish,id,sessionID"}
[2026-04-22T11:30:20.457Z] [DEBUG] metrics debug — first message info keys: role, time, agent, model, summary, id, sessionID {"partsCount":1,"firstPartType":"text","firstPartKeys":"type,text,id,sessionID,messageID"}
[2026-04-22T11:30:20.457Z] [DEBUG] metrics debug — last message role: assistant, tokens: {"total":276,"input":81,"output":195,"reasoning":0,"cache":{"write":0,"read":0}} {"infoKeys":"parentID,role,mode,agent,path,cost,tokens,modelID,providerID,time,finish,id,sessionID"}
[2026-04-22T11:31:00.844Z] [DEBUG] metrics debug — first message info keys: role, time, agent, model, summary, id, sessionID {"partsCount":1,"firstPartType":"text","firstPartKeys":"type,text,id,sessionID,messageID"}
[2026-04-22T11:31:00.844Z] [DEBUG] metrics debug — last message role: assistant, tokens: {"total":1140,"input":575,"output":565,"reasoning":0,"cache":{"write":0,"read":0}} {"infoKeys":"parentID,role,mode,agent,path,cost,tokens,modelID,providerID,time,finish,id,sessionID"}
[2026-04-22T11:31:34.300Z] [DEBUG] metrics debug — first message info keys: role, time, agent, model, summary, id, sessionID {"partsCount":1,"firstPartType":"text","firstPartKeys":"type,text,id,sessionID,messageID"}
[2026-04-22T11:31:34.300Z] [DEBUG] metrics debug — last message role: assistant, tokens: {"total":2244,"input":1618,"output":626,"reasoning":0,"cache":{"write":0,"read":0}} {"infoKeys":"parentID,role,mode,agent,path,cost,tokens,modelID,providerID,time,finish,id,sessionID"}
[2026-04-22T11:31:45.681Z] [DEBUG] metrics debug — first message info keys: role, time, agent, model, summary, id, sessionID {"partsCount":1,"firstPartType":"text","firstPartKeys":"type,text,id,sessionID,messageID"}
[2026-04-22T11:31:45.681Z] [DEBUG] metrics debug — last message role: assistant, tokens: {"total":2036,"input":1698,"output":338,"reasoning":0,"cache":{"write":0,"read":0}} {"infoKeys":"parentID,role,mode,agent,path,cost,tokens,modelID,providerID,time,finish,id,sessionID"}
[2026-04-22T11:31:55.262Z] [DEBUG] metrics debug — first message info keys: role, time, agent, model, summary, id, sessionID {"partsCount":1,"firstPartType":"text","firstPartKeys":"type,text,id,sessionID,messageID"}
[2026-04-22T11:31:55.262Z] [DEBUG] metrics debug — last message role: assistant, tokens: {"total":1779,"input":1490,"output":289,"reasoning":0,"cache":{"write":0,"read":0}} {"infoKeys":"parentID,role,mode,agent,path,cost,tokens,modelID,providerID,time,finish,id,sessionID"}
[2026-04-22T11:32:07.664Z] [DEBUG] metrics debug — first message info keys: role, time, agent, model, summary, id, sessionID {"partsCount":1,"firstPartType":"text","firstPartKeys":"type,text,id,sessionID,messageID"}
[2026-04-22T11:32:07.665Z] [DEBUG] metrics debug — last message role: assistant, tokens: {"total":1883,"input":1489,"output":394,"reasoning":0,"cache":{"write":0,"read":0}} {"infoKeys":"parentID,role,mode,agent,path,cost,tokens,modelID,providerID,time,finish,id,sessionID"}
[2026-04-22T11:32:19.565Z] [DEBUG] metrics debug — first message info keys: role, time, agent, model, summary, id, sessionID {"partsCount":1,"firstPartType":"text","firstPartKeys":"type,text,id,sessionID,messageID"}
[2026-04-22T11:32:19.565Z] [DEBUG] metrics debug — last message role: assistant, tokens: {"total":1987,"input":1593,"output":394,"reasoning":0,"cache":{"write":0,"read":0}} {"infoKeys":"parentID,role,mode,agent,path,cost,tokens,modelID,providerID,time,finish,id,sessionID"}
[2026-04-22T11:32:33.854Z] [DEBUG] metrics debug — first message info keys: role, time, agent, model, summary, id, sessionID {"partsCount":1,"firstPartType":"text","firstPartKeys":"type,text,id,sessionID,messageID"}
[2026-04-22T11:32:33.854Z] [DEBUG] metrics debug — last message role: assistant, tokens: {"total":1922,"input":1441,"output":481,"reasoning":0,"cache":{"write":0,"read":0}} {"infoKeys":"parentID,role,mode,agent,path,cost,tokens,modelID,providerID,time,finish,id,sessionID"}
[2026-04-22T11:32:51.404Z] [DEBUG] metrics debug — first message info keys: role, time, agent, model, summary, id, sessionID {"partsCount":1,"firstPartType":"text","firstPartKeys":"type,text,id,sessionID,messageID"}
[2026-04-22T11:32:51.404Z] [DEBUG] metrics debug — last message role: assistant, tokens: {"total":2222,"input":1632,"output":590,"reasoning":0,"cache":{"write":0,"read":0}} {"infoKeys":"parentID,role,mode,agent,path,cost,tokens,modelID,providerID,time,finish,id,sessionID"}
[2026-04-22T11:33:08.244Z] [DEBUG] metrics debug — first message info keys: role, time, agent, model, summary, id, sessionID {"partsCount":1,"firstPartType":"text","firstPartKeys":"type,text,id,sessionID,messageID"}
[2026-04-22T11:33:08.244Z] [DEBUG] metrics debug — last message role: assistant, tokens: {"total":2312,"input":1728,"output":584,"reasoning":0,"cache":{"write":0,"read":0}} {"infoKeys":"parentID,role,mode,agent,path,cost,tokens,modelID,providerID,time,finish,id,sessionID"}
[2026-04-22T11:33:24.417Z] [DEBUG] metrics debug — first message info keys: role, time, agent, model, summary, id, sessionID {"partsCount":1,"firstPartType":"text","firstPartKeys":"type,text,id,sessionID,messageID"}
[2026-04-22T11:33:24.417Z] [DEBUG] metrics debug — last message role: assistant, tokens: {"total":2310,"input":1766,"output":544,"reasoning":0,"cache":{"write":0,"read":0}} {"infoKeys":"parentID,role,mode,agent,path,cost,tokens,modelID,providerID,time,finish,id,sessionID"}
[2026-04-22T11:33:31.917Z] [DEBUG] metrics debug — first message info keys: role, time, agent, model, summary, id, sessionID {"partsCount":1,"firstPartType":"text","firstPartKeys":"type,text,id,sessionID,messageID"}
[2026-04-22T11:33:31.918Z] [DEBUG] metrics debug — last message role: assistant, tokens: {"total":1959,"input":1764,"output":195,"reasoning":0,"cache":{"write":0,"read":0}} {"infoKeys":"parentID,role,mode,agent,path,cost,tokens,modelID,providerID,time,finish,id,sessionID"}
[2026-04-22T11:34:03.947Z] [DEBUG] metrics debug — first message info keys: role, time, agent, model, summary, id, sessionID {"partsCount":1,"firstPartType":"text","firstPartKeys":"type,text,id,sessionID,messageID"}
[2026-04-22T11:34:03.947Z] [DEBUG] metrics debug — last message role: assistant, tokens: {"total":2024,"input":722,"output":1302,"reasoning":0,"cache":{"write":0,"read":0}} {"infoKeys":"parentID,role,mode,agent,path,cost,tokens,modelID,providerID,time,finish,id,sessionID"}
[2026-04-22T11:35:10.373Z] [DEBUG] metrics debug — first message info keys: role, time, agent, model, summary, id, sessionID {"partsCount":1,"firstPartType":"text","firstPartKeys":"type,text,id,sessionID,messageID"}
[2026-04-22T11:35:10.373Z] [DEBUG] metrics debug — last message role: assistant, tokens: {"total":5551,"input":2592,"output":2959,"reasoning":0,"cache":{"write":0,"read":0}} {"infoKeys":"parentID,role,mode,agent,path,cost,tokens,modelID,providerID,time,finish,id,sessionID"}
